0 info it worked if it ends with ok
1 verbose cli [ '/Users/Wad3/.nvm/versions/node/v10.7.0/bin/node',
1 verbose cli   '/Users/Wad3/.npm-packages/bin/npm',
1 verbose cli   'start' ]
2 info using npm@3.10.9
3 info using node@v10.7.0
4 verbose run-script [ 'prestart', 'start', 'poststart' ]
5 info lifecycle wadefuller.com@1.0.0~prestart: wadefuller.com@1.0.0
6 silly lifecycle wadefuller.com@1.0.0~prestart: no script for prestart, continuing
7 info lifecycle wadefuller.com@1.0.0~start: wadefuller.com@1.0.0
8 verbose lifecycle wadefuller.com@1.0.0~start: unsafe-perm in lifecycle true
9 verbose lifecycle wadefuller.com@1.0.0~start: PATH: /Users/Wad3/.npm-packages/lib/node_modules/npm/bin/node-gyp-bin:/Users/Wad3/repo-workspace/wadefuller.com/node_modules/.bin:/Users/Wad3/bin:/opt/local/bin:/usr/local/bin:/Users/Wad3/.rbenv/bin:/Users/Wad3/.npm-packages/bin:/usr/bin:/bin:/usr/sbin:/sbin:/usr/local/bin:/Users/Wad3/.nvm/versions/node/v10.7.0/bin:/usr/local/git/bin:/usr/local/MacGPG2/bin:
10 verbose lifecycle wadefuller.com@1.0.0~start: CWD: /Users/Wad3/repo-workspace/wadefuller.com
11 silly lifecycle wadefuller.com@1.0.0~start: Args: [ '-c', 'webpack-dev-server --mode development' ]
12 silly lifecycle wadefuller.com@1.0.0~start: Returned: code: 1  signal: null
13 info lifecycle wadefuller.com@1.0.0~start: Failed to exec start script
14 verbose stack Error: wadefuller.com@1.0.0 start: `webpack-dev-server --mode development`
14 verbose stack Exit status 1
14 verbose stack     at EventEmitter.<anonymous> (/Users/Wad3/.npm-packages/lib/node_modules/npm/lib/utils/lifecycle.js:255:16)
14 verbose stack     at EventEmitter.emit (events.js:182:13)
14 verbose stack     at ChildProcess.<anonymous> (/Users/Wad3/.npm-packages/lib/node_modules/npm/lib/utils/spawn.js:40:14)
14 verbose stack     at ChildProcess.emit (events.js:182:13)
14 verbose stack     at maybeClose (internal/child_process.js:961:16)
14 verbose stack     at Process.ChildProcess._handle.onexit (internal/child_process.js:248:5)
15 verbose pkgid wadefuller.com@1.0.0
16 verbose cwd /Users/Wad3/repo-workspace/wadefuller.com/dist
17 error Darwin 15.6.0
18 error argv "/Users/Wad3/.nvm/versions/node/v10.7.0/bin/node" "/Users/Wad3/.npm-packages/bin/npm" "start"
19 error node v10.7.0
20 error npm  v3.10.9
21 error code ELIFECYCLE
22 error wadefuller.com@1.0.0 start: `webpack-dev-server --mode development`
22 error Exit status 1
23 error Failed at the wadefuller.com@1.0.0 start script 'webpack-dev-server --mode development'.
23 error Make sure you have the latest version of node.js and npm installed.
23 error If you do, this is most likely a problem with the wadefuller.com package,
23 error not with npm itself.
23 error Tell the author that this fails on your system:
23 error     webpack-dev-server --mode development
23 error You can get information on how to open an issue for this project with:
23 error     npm bugs wadefuller.com
23 error Or if that isn't available, you can get their info via:
23 error     npm owner ls wadefuller.com
23 error There is likely additional logging output above.
24 verbose exit [ 1, true ]
